2017-06-09 13:52:03.119+0000 WARN  [o.n.i.p.PageCache] The dbms.memory.pagecache.size setting has not been configured. It is recommended that this setting is always explicitly configured, to ensure the system has a balanced configuration. Until then, a computed heuristic value of 13320787968 bytes will be used instead. 
2017-06-09 13:52:03.260+0000 INFO  [o.n.k.i.f.CommunityEditionModule] No locking implementation specified, defaulting to 'community'
2017-06-09 13:52:03.260+0000 INFO  [o.n.k.AvailabilityGuard] Requirement makes database unavailable: Database available
2017-06-09 13:52:03.260+0000 INFO  [o.n.k.i.DiagnosticsManager] --- INITIALIZED diagnostics START ---
2017-06-09 13:52:03.260+0000 INFO  [o.n.k.i.DiagnosticsManager] Neo4j Kernel properties:
2017-06-09 13:52:03.260+0000 INFO  [o.n.k.i.DiagnosticsManager] dbms.connector.http.enabled=true
2017-06-09 13:52:03.260+0000 INFO  [o.n.k.i.DiagnosticsManager] dbms.security.auth_enabled=true
2017-06-09 13:52:03.260+0000 INFO  [o.n.k.i.DiagnosticsManager] dbms.logs.http.enabled=false
2017-06-09 13:52:03.260+0000 INFO  [o.n.k.i.DiagnosticsManager] unsupported.dbms.directories.neo4j_home=C:\Users\avaisman\Google Drive\Alejandro\ITBA\Curso Graph Databases\cineasts_12k_movies_50k_actors_2.1.6\cineasts_12k_movies_50k_actors.db
2017-06-09 13:52:03.260+0000 INFO  [o.n.k.i.DiagnosticsManager] dbms.allow_format_migration=true
2017-06-09 13:52:03.260+0000 INFO  [o.n.k.i.DiagnosticsManager] unsupported.dbms.edition=community
2017-06-09 13:52:03.260+0000 INFO  [o.n.k.i.DiagnosticsManager] dbms.connector.bolt.enabled=true
2017-06-09 13:52:03.276+0000 INFO  [o.n.k.i.DiagnosticsManager] dbms.directories.certificates=certificates
2017-06-09 13:52:03.276+0000 INFO  [o.n.k.i.DiagnosticsManager] dbms.connector.https.enabled=true
2017-06-09 13:52:03.276+0000 INFO  [o.n.k.i.DiagnosticsManager] unsupported.dbms.directories.database=C:\Users\avaisman\Google Drive\Alejandro\ITBA\Curso Graph Databases\cineasts_12k_movies_50k_actors_2.1.6\cineasts_12k_movies_50k_actors.db
2017-06-09 13:52:03.276+0000 INFO  [o.n.k.i.DiagnosticsManager] Diagnostics providers:
2017-06-09 13:52:03.276+0000 INFO  [o.n.k.i.DiagnosticsManager] org.neo4j.kernel.configuration.Config
2017-06-09 13:52:03.276+0000 INFO  [o.n.k.i.DiagnosticsManager] org.neo4j.kernel.info.DiagnosticsManager
2017-06-09 13:52:03.276+0000 INFO  [o.n.k.i.DiagnosticsManager] SYSTEM_MEMORY
2017-06-09 13:52:03.276+0000 INFO  [o.n.k.i.DiagnosticsManager] JAVA_MEMORY
2017-06-09 13:52:03.276+0000 INFO  [o.n.k.i.DiagnosticsManager] OPERATING_SYSTEM
2017-06-09 13:52:03.276+0000 INFO  [o.n.k.i.DiagnosticsManager] JAVA_VIRTUAL_MACHINE
2017-06-09 13:52:03.276+0000 INFO  [o.n.k.i.DiagnosticsManager] CLASSPATH
2017-06-09 13:52:03.276+0000 INFO  [o.n.k.i.DiagnosticsManager] LIBRARY_PATH
2017-06-09 13:52:03.276+0000 INFO  [o.n.k.i.DiagnosticsManager] SYSTEM_PROPERTIES
2017-06-09 13:52:03.276+0000 INFO  [o.n.k.i.DiagnosticsManager] NETWORK
2017-06-09 13:52:03.276+0000 INFO  [o.n.k.i.DiagnosticsManager] System memory information:
2017-06-09 13:52:03.276+0000 INFO  [o.n.k.i.DiagnosticsManager] Total Physical memory: 31,90 GB
2017-06-09 13:52:03.276+0000 INFO  [o.n.k.i.DiagnosticsManager] Free Physical memory: 26,47 GB
2017-06-09 13:52:03.276+0000 INFO  [o.n.k.i.DiagnosticsManager] Committed virtual memory: 1,52 GB
2017-06-09 13:52:03.276+0000 INFO  [o.n.k.i.DiagnosticsManager] Total swap space: 63,90 GB
2017-06-09 13:52:03.276+0000 INFO  [o.n.k.i.DiagnosticsManager] Free swap space: 56,59 GB
2017-06-09 13:52:03.276+0000 INFO  [o.n.k.i.DiagnosticsManager] JVM memory information:
2017-06-09 13:52:03.276+0000 INFO  [o.n.k.i.DiagnosticsManager] Free  memory: 584,52 MB
2017-06-09 13:52:03.276+0000 INFO  [o.n.k.i.DiagnosticsManager] Total memory: 822,50 MB
2017-06-09 13:52:03.276+0000 INFO  [o.n.k.i.DiagnosticsManager] Max   memory: 7,09 GB
2017-06-09 13:52:03.276+0000 INFO  [o.n.k.i.DiagnosticsManager] Garbage Collector: PS Scavenge: [PS Eden Space, PS Survivor Space]
2017-06-09 13:52:03.276+0000 INFO  [o.n.k.i.DiagnosticsManager] Garbage Collector: PS MarkSweep: [PS Eden Space, PS Survivor Space, PS Old Gen]
2017-06-09 13:52:03.276+0000 INFO  [o.n.k.i.DiagnosticsManager] Memory Pool: Code Cache (Non-heap memory): committed=19,88 MB, used=19,61 MB, max=240,00 MB, threshold=0,00 B
2017-06-09 13:52:03.276+0000 INFO  [o.n.k.i.DiagnosticsManager] Memory Pool: Metaspace (Non-heap memory): committed=69,84 MB, used=68,23 MB, max=-1,00 B, threshold=0,00 B
2017-06-09 13:52:03.276+0000 INFO  [o.n.k.i.DiagnosticsManager] Memory Pool: Compressed Class Space (Non-heap memory): committed=11,09 MB, used=10,71 MB, max=1,00 GB, threshold=0,00 B
2017-06-09 13:52:03.276+0000 INFO  [o.n.k.i.DiagnosticsManager] Memory Pool: PS Eden Space (Heap memory): committed=155,50 MB, used=99,18 MB, max=2,48 GB, threshold=?
2017-06-09 13:52:03.276+0000 INFO  [o.n.k.i.DiagnosticsManager] Memory Pool: PS Survivor Space (Heap memory): committed=95,00 MB, used=14,75 MB, max=95,00 MB, threshold=?
2017-06-09 13:52:03.276+0000 INFO  [o.n.k.i.DiagnosticsManager] Memory Pool: PS Old Gen (Heap memory): committed=572,00 MB, used=124,05 MB, max=5,32 GB, threshold=0,00 B
2017-06-09 13:52:03.276+0000 INFO  [o.n.k.i.DiagnosticsManager] Operating system information:
2017-06-09 13:52:03.276+0000 INFO  [o.n.k.i.DiagnosticsManager] Operating System: Windows 10; version: 10.0; arch: amd64; cpus: 8
2017-06-09 13:52:03.276+0000 INFO  [o.n.k.i.DiagnosticsManager] Process id: 9160@avaisman-PC
2017-06-09 13:52:03.276+0000 INFO  [o.n.k.i.DiagnosticsManager] Byte order: LITTLE_ENDIAN
2017-06-09 13:52:03.276+0000 INFO  [o.n.k.i.DiagnosticsManager] Local timezone: America/Buenos_Aires
2017-06-09 13:52:03.276+0000 INFO  [o.n.k.i.DiagnosticsManager] JVM information:
2017-06-09 13:52:03.276+0000 INFO  [o.n.k.i.DiagnosticsManager] VM Name: Java HotSpot(TM) 64-Bit Server VM
2017-06-09 13:52:03.276+0000 INFO  [o.n.k.i.DiagnosticsManager] VM Vendor: Oracle Corporation
2017-06-09 13:52:03.276+0000 INFO  [o.n.k.i.DiagnosticsManager] VM Version: 25.121-b13
2017-06-09 13:52:03.276+0000 INFO  [o.n.k.i.DiagnosticsManager] JIT compiler: HotSpot 64-Bit Tiered Compilers
2017-06-09 13:52:03.276+0000 INFO  [o.n.k.i.DiagnosticsManager] VM Arguments: [-Dexe4j.semaphoreName=Local\c:_program_files_neo4j_ce_3.1.0_bin_neo4j-ce.exe, -Dexe4j.isInstall4j=true, -Dexe4j.moduleName=C:\Program Files\Neo4j CE 3.1.0\bin\neo4j-ce.exe, -Dexe4j.tempDir=, -Dexe4j.unextractedPosition=0, -Djava.library.path=C:\Program Files\Java\jdk1.8.0_65\\bin;C:\ProgramData\Oracle\Java\javapath;C:\Program Files (x86)\Intel\iCLS Client\;C:\Program Files\Intel\iCLS Client\;C:\Program Files\Common Files\Microsoft Shared\Windows Live;C:\Program Files (x86)\Common Files\Microsoft Shared\Windows Live;C:\WINDOWS\system32;C:\WINDOWS;C:\WINDOWS\System32\Wbem;C:\WINDOWS\System32\WindowsPowerShell\v1.0\;C:\Program Files (x86)\Windows Live\Shared;C:\Program Files\Intel\Intel(R) Management Engine Components\DAL;C:\Program Files\Intel\Intel(R) Management Engine Components\IPT;C:\Program Files (x86)\Intel\Intel(R) Management Engine Components\DAL;C:\Program Files (x86)\Intel\Intel(R) Management Engine Components\IPT;C:\Program Files\MiKTeX 2.9\miktex\bin\x64\;C:\Program Files\Microsoft SQL Server\120\DTS\Binn\;C:\Program Files\Microsoft SQL Server\Client SDK\ODBC\110\Tools\Binn\;C:\Program Files (x86)\Microsoft SQL Server\120\Tools\Binn\;C:\Program Files\Microsoft SQL Server\120\Tools\Binn\;C:\Program Files (x86)\Microsoft SQL Server\120\Tools\Binn\ManagementStudio\;C:\Program Files (x86)\Microsoft SQL Server\120\DTS\Binn\;C:\Program Files (x86)\scala\bin;C:\WINDOWS\system32;C:\WINDOWS;C:\WINDOWS\System32\Wbem;C:\WINDOWS\System32\WindowsPowerShell\v1.0\;C:\Users\avaisman\AppData\Local\Programs\Python\Python36-32\;C:\Users\avaisman\AppData\Local\Microsoft\WindowsApps;;c:\program files\java\jre1.8.0_121\bin, -Dexe4j.consoleCodepage=cp0, -Dinstall4j.launcherId=24, -Dinstall4j.swt=false]
2017-06-09 13:52:03.276+0000 INFO  [o.n.k.i.DiagnosticsManager] Java classpath:
2017-06-09 13:52:03.276+0000 INFO  [o.n.k.i.DiagnosticsManager]  [bootstrap] C:\Program Files\Java\jre1.8.0_121\lib\resources.jar
2017-06-09 13:52:03.276+0000 INFO  [o.n.k.i.DiagnosticsManager]  [classpath] C:\Program Files\Neo4j CE 3.1.0\.install4j\i4jruntime.jar
2017-06-09 13:52:03.276+0000 INFO  [o.n.k.i.DiagnosticsManager]  [loader.0] file:/C:/Program%20Files/Neo4j%20CE%203.1.0/.install4j/i4jruntime.jar
2017-06-09 13:52:03.276+0000 INFO  [o.n.k.i.DiagnosticsManager]  [loader.1] file:/C:/Program%20Files/Java/jre1.8.0_121/lib/ext/nashorn.jar
2017-06-09 13:52:03.276+0000 INFO  [o.n.k.i.DiagnosticsManager]  [loader.1] file:/C:/Program%20Files/Java/jre1.8.0_121/lib/ext/cldrdata.jar
2017-06-09 13:52:03.276+0000 INFO  [o.n.k.i.DiagnosticsManager]  [bootstrap] C:\Program Files\Java\jre1.8.0_121\lib\jce.jar
2017-06-09 13:52:03.276+0000 INFO  [o.n.k.i.DiagnosticsManager]  [loader.1] file:/C:/Program%20Files/Java/jre1.8.0_121/lib/ext/sunec.jar
2017-06-09 13:52:03.276+0000 INFO  [o.n.k.i.DiagnosticsManager]  [loader.1] file:/C:/Program%20Files/Java/jre1.8.0_121/lib/ext/sunpkcs11.jar
2017-06-09 13:52:03.276+0000 INFO  [o.n.k.i.DiagnosticsManager]  [bootstrap] C:\Program Files\Java\jre1.8.0_121\lib\sunrsasign.jar
2017-06-09 13:52:03.276+0000 INFO  [o.n.k.i.DiagnosticsManager]  [bootstrap] C:\Program Files\Java\jre1.8.0_121\classes
2017-06-09 13:52:03.276+0000 INFO  [o.n.k.i.DiagnosticsManager]  [loader.1] file:/C:/Program%20Files/Java/jre1.8.0_121/lib/ext/sunmscapi.jar
2017-06-09 13:52:03.276+0000 INFO  [o.n.k.i.DiagnosticsManager]  [loader.1] file:/C:/Program%20Files/Java/jre1.8.0_121/lib/ext/access-bridge-64.jar
2017-06-09 13:52:03.276+0000 INFO  [o.n.k.i.DiagnosticsManager]  [bootstrap] C:\Program Files\Java\jre1.8.0_121\lib\jsse.jar
2017-06-09 13:52:03.276+0000 INFO  [o.n.k.i.DiagnosticsManager]  [classpath] C:\Program Files\Neo4j CE 3.1.0\bin\neo4j-desktop-3.1.0.jar
2017-06-09 13:52:03.276+0000 INFO  [o.n.k.i.DiagnosticsManager]  [bootstrap] C:\Program Files\Java\jre1.8.0_121\lib\jfr.jar
2017-06-09 13:52:03.276+0000 INFO  [o.n.k.i.DiagnosticsManager]  [bootstrap] C:\Program Files\Java\jre1.8.0_121\lib\rt.jar
2017-06-09 13:52:03.276+0000 INFO  [o.n.k.i.DiagnosticsManager]  [loader.1] file:/C:/Program%20Files/Java/jre1.8.0_121/lib/ext/jfxrt.jar
2017-06-09 13:52:03.276+0000 INFO  [o.n.k.i.DiagnosticsManager]  [loader.1] file:/C:/Program%20Files/Java/jre1.8.0_121/lib/ext/zipfs.jar
2017-06-09 13:52:03.276+0000 INFO  [o.n.k.i.DiagnosticsManager]  [bootstrap] C:\Program Files\Java\jre1.8.0_121\lib\charsets.jar
2017-06-09 13:52:03.276+0000 INFO  [o.n.k.i.DiagnosticsManager]  [loader.0] file:/C:/Program%20Files/Neo4j%20CE%203.1.0/bin/neo4j-desktop-3.1.0.jar
2017-06-09 13:52:03.276+0000 INFO  [o.n.k.i.DiagnosticsManager]  [loader.1] file:/C:/Program%20Files/Java/jre1.8.0_121/lib/ext/dnsns.jar
2017-06-09 13:52:03.276+0000 INFO  [o.n.k.i.DiagnosticsManager]  [loader.1] file:/C:/Program%20Files/Java/jre1.8.0_121/lib/ext/localedata.jar
2017-06-09 13:52:03.276+0000 INFO  [o.n.k.i.DiagnosticsManager]  [loader.1] file:/C:/Program%20Files/Java/jre1.8.0_121/lib/ext/sunjce_provider.jar
2017-06-09 13:52:03.276+0000 INFO  [o.n.k.i.DiagnosticsManager]  [loader.1] file:/C:/Program%20Files/Java/jre1.8.0_121/lib/ext/jaccess.jar
2017-06-09 13:52:03.276+0000 INFO  [o.n.k.i.DiagnosticsManager] Library path:
2017-06-09 13:52:03.276+0000 INFO  [o.n.k.i.DiagnosticsManager] C:\Program Files\Java\jdk1.8.0_65\bin
2017-06-09 13:52:03.276+0000 INFO  [o.n.k.i.DiagnosticsManager] C:\ProgramData\Oracle\Java\javapath
2017-06-09 13:52:03.276+0000 INFO  [o.n.k.i.DiagnosticsManager] C:\Program Files (x86)\Intel\iCLS Client
2017-06-09 13:52:03.276+0000 INFO  [o.n.k.i.DiagnosticsManager] C:\Program Files\Intel\iCLS Client
2017-06-09 13:52:03.276+0000 INFO  [o.n.k.i.DiagnosticsManager] C:\Program Files\Common Files\microsoft shared\Windows Live
2017-06-09 13:52:03.276+0000 INFO  [o.n.k.i.DiagnosticsManager] C:\Program Files (x86)\Common Files\Microsoft Shared\Windows Live
2017-06-09 13:52:03.276+0000 INFO  [o.n.k.i.DiagnosticsManager] C:\Windows\System32
2017-06-09 13:52:03.276+0000 INFO  [o.n.k.i.DiagnosticsManager] C:\Windows
2017-06-09 13:52:03.276+0000 INFO  [o.n.k.i.DiagnosticsManager] C:\Windows\System32\wbem
2017-06-09 13:52:03.276+0000 INFO  [o.n.k.i.DiagnosticsManager] C:\Windows\System32\WindowsPowerShell\v1.0
2017-06-09 13:52:03.276+0000 INFO  [o.n.k.i.DiagnosticsManager] C:\Program Files (x86)\Windows Live\Shared
2017-06-09 13:52:03.276+0000 INFO  [o.n.k.i.DiagnosticsManager] C:\Program Files\Intel\Intel(R) Management Engine Components\DAL
2017-06-09 13:52:03.276+0000 INFO  [o.n.k.i.DiagnosticsManager] C:\Program Files\Intel\Intel(R) Management Engine Components\IPT
2017-06-09 13:52:03.276+0000 INFO  [o.n.k.i.DiagnosticsManager] C:\Program Files (x86)\Intel\Intel(R) Management Engine Components\DAL
2017-06-09 13:52:03.276+0000 INFO  [o.n.k.i.DiagnosticsManager] C:\Program Files (x86)\Intel\Intel(R) Management Engine Components\IPT
2017-06-09 13:52:03.276+0000 INFO  [o.n.k.i.DiagnosticsManager] C:\Program Files\MiKTeX 2.9\miktex\bin\x64
2017-06-09 13:52:03.276+0000 INFO  [o.n.k.i.DiagnosticsManager] C:\Program Files\Microsoft SQL Server\120\DTS\Binn
2017-06-09 13:52:03.276+0000 INFO  [o.n.k.i.DiagnosticsManager] C:\Program Files\Microsoft SQL Server\Client SDK\ODBC\110\Tools\Binn
2017-06-09 13:52:03.276+0000 INFO  [o.n.k.i.DiagnosticsManager] C:\Program Files (x86)\Microsoft SQL Server\120\Tools\Binn
2017-06-09 13:52:03.276+0000 INFO  [o.n.k.i.DiagnosticsManager] C:\Program Files\Microsoft SQL Server\120\Tools\Binn
2017-06-09 13:52:03.276+0000 INFO  [o.n.k.i.DiagnosticsManager] C:\Program Files (x86)\Microsoft SQL Server\120\Tools\Binn\ManagementStudio
2017-06-09 13:52:03.276+0000 INFO  [o.n.k.i.DiagnosticsManager] C:\Program Files (x86)\Microsoft SQL Server\120\DTS\Binn
2017-06-09 13:52:03.276+0000 INFO  [o.n.k.i.DiagnosticsManager] C:\Program Files (x86)\scala\bin
2017-06-09 13:52:03.276+0000 INFO  [o.n.k.i.DiagnosticsManager] C:\Windows\System32
2017-06-09 13:52:03.276+0000 INFO  [o.n.k.i.DiagnosticsManager] C:\Windows
2017-06-09 13:52:03.276+0000 INFO  [o.n.k.i.DiagnosticsManager] C:\Windows\System32\wbem
2017-06-09 13:52:03.276+0000 INFO  [o.n.k.i.DiagnosticsManager] C:\Windows\System32\WindowsPowerShell\v1.0
2017-06-09 13:52:03.276+0000 INFO  [o.n.k.i.DiagnosticsManager] C:\Users\avaisman\AppData\Local\Programs\Python\Python36-32
2017-06-09 13:52:03.276+0000 INFO  [o.n.k.i.DiagnosticsManager] C:\Users\avaisman\AppData\Local\Microsoft\WindowsApps
2017-06-09 13:52:03.276+0000 INFO  [o.n.k.i.DiagnosticsManager] C:\Program Files\Neo4j CE 3.1.0\bin
2017-06-09 13:52:03.276+0000 INFO  [o.n.k.i.DiagnosticsManager] C:\Program Files\Java\jre1.8.0_121\bin
2017-06-09 13:52:03.276+0000 INFO  [o.n.k.i.DiagnosticsManager] System.properties:
2017-06-09 13:52:03.276+0000 INFO  [o.n.k.i.DiagnosticsManager] exe4j.moduleName = C:\Program Files\Neo4j CE 3.1.0\bin\neo4j-ce.exe
2017-06-09 13:52:03.276+0000 INFO  [o.n.k.i.DiagnosticsManager] exe4j.semaphoreName = Local\c:_program_files_neo4j_ce_3.1.0_bin_neo4j-ce.exe
2017-06-09 13:52:03.276+0000 INFO  [o.n.k.i.DiagnosticsManager] sun.boot.library.path = c:\program files\java\jre1.8.0_121\bin
2017-06-09 13:52:03.276+0000 INFO  [o.n.k.i.DiagnosticsManager] exe4j.consoleCodepage = cp0
2017-06-09 13:52:03.276+0000 INFO  [o.n.k.i.DiagnosticsManager] path.separator = ;
2017-06-09 13:52:03.276+0000 INFO  [o.n.k.i.DiagnosticsManager] file.encoding.pkg = sun.io
2017-06-09 13:52:03.276+0000 INFO  [o.n.k.i.DiagnosticsManager] user.country = ES
2017-06-09 13:52:03.276+0000 INFO  [o.n.k.i.DiagnosticsManager] user.script = 
2017-06-09 13:52:03.276+0000 INFO  [o.n.k.i.DiagnosticsManager] sun.os.patch.level = 
2017-06-09 13:52:03.276+0000 INFO  [o.n.k.i.DiagnosticsManager] install4j.exeDir = C:\Program Files\Neo4j CE 3.1.0\bin\
2017-06-09 13:52:03.276+0000 INFO  [o.n.k.i.DiagnosticsManager] user.dir = C:\Program Files\Neo4j CE 3.1.0\bin
2017-06-09 13:52:03.276+0000 INFO  [o.n.k.i.DiagnosticsManager] user.variant = 
2017-06-09 13:52:03.276+0000 INFO  [o.n.k.i.DiagnosticsManager] exe4j.tempDir = 
2017-06-09 13:52:03.276+0000 INFO  [o.n.k.i.DiagnosticsManager] sun.jnu.encoding = Cp1252
2017-06-09 13:52:03.276+0000 INFO  [o.n.k.i.DiagnosticsManager] sun.nio.ch.bugLevel = 
2017-06-09 13:52:03.276+0000 INFO  [o.n.k.i.DiagnosticsManager] unsupported.dbms.udc.source = desktop
2017-06-09 13:52:03.276+0000 INFO  [o.n.k.i.DiagnosticsManager] sun.awt.enableExtraMouseButtons = true
2017-06-09 13:52:03.276+0000 INFO  [o.n.k.i.DiagnosticsManager] install4j.launcherId = 24
2017-06-09 13:52:03.276+0000 INFO  [o.n.k.i.DiagnosticsManager] sun.management.compiler = HotSpot 64-Bit Tiered Compilers
2017-06-09 13:52:03.276+0000 INFO  [o.n.k.i.DiagnosticsManager] exe4j.isInstall4j = true
2017-06-09 13:52:03.276+0000 INFO  [o.n.k.i.DiagnosticsManager] install4j.swt = false
2017-06-09 13:52:03.276+0000 INFO  [o.n.k.i.DiagnosticsManager] user.home = C:\Users\avaisman
2017-06-09 13:52:03.276+0000 INFO  [o.n.k.i.DiagnosticsManager] user.timezone = America/Buenos_Aires
2017-06-09 13:52:03.276+0000 INFO  [o.n.k.i.DiagnosticsManager] file.encoding = Cp1252
2017-06-09 13:52:03.276+0000 INFO  [o.n.k.i.DiagnosticsManager] user.name = avaisman
2017-06-09 13:52:03.276+0000 INFO  [o.n.k.i.DiagnosticsManager] sun.java.command = C:\Program Files\Neo4j CE 3.1.0\bin\neo4j-ce.exe
2017-06-09 13:52:03.276+0000 INFO  [o.n.k.i.DiagnosticsManager] sun.arch.data.model = 64
2017-06-09 13:52:03.276+0000 INFO  [o.n.k.i.DiagnosticsManager] exe4j.launchName = C:\Program Files\Neo4j CE 3.1.0\bin\neo4j-ce.exe
2017-06-09 13:52:03.276+0000 INFO  [o.n.k.i.DiagnosticsManager] user.language = es
2017-06-09 13:52:03.276+0000 INFO  [o.n.k.i.DiagnosticsManager] awt.toolkit = sun.awt.windows.WToolkit
2017-06-09 13:52:03.276+0000 INFO  [o.n.k.i.DiagnosticsManager] exe4j.unextractedPosition = 0
2017-06-09 13:52:03.276+0000 INFO  [o.n.k.i.DiagnosticsManager] install4j.appDir = C:\Program Files\Neo4j CE 3.1.0\
2017-06-09 13:52:03.276+0000 INFO  [o.n.k.i.DiagnosticsManager] file.separator = \
2017-06-09 13:52:03.276+0000 INFO  [o.n.k.i.DiagnosticsManager] sun.io.unicode.encoding = UnicodeLittle
2017-06-09 13:52:03.276+0000 INFO  [o.n.k.i.DiagnosticsManager] sun.cpu.endian = little
2017-06-09 13:52:03.276+0000 INFO  [o.n.k.i.DiagnosticsManager] sun.desktop = windows
2017-06-09 13:52:03.276+0000 INFO  [o.n.k.i.DiagnosticsManager] sun.cpu.isalist = amd64
2017-06-09 13:52:03.276+0000 INFO  [o.n.k.i.DiagnosticsManager] Network information:
2017-06-09 13:52:03.291+0000 INFO  [o.n.k.i.DiagnosticsManager] Interface Software Loopback Interface 1:
2017-06-09 13:52:03.291+0000 INFO  [o.n.k.i.DiagnosticsManager]     address: 127.0.0.1
2017-06-09 13:52:03.291+0000 INFO  [o.n.k.i.DiagnosticsManager]     address: 0:0:0:0:0:0:0:1
2017-06-09 13:52:03.291+0000 INFO  [o.n.k.i.DiagnosticsManager] Interface WAN Miniport (PPPOE):
2017-06-09 13:52:03.291+0000 INFO  [o.n.k.i.DiagnosticsManager] Interface Microsoft Kernel Debug Network Adapter:
2017-06-09 13:52:03.291+0000 INFO  [o.n.k.i.DiagnosticsManager] Interface WAN Miniport (SSTP):
2017-06-09 13:52:03.291+0000 INFO  [o.n.k.i.DiagnosticsManager] Interface WAN Miniport (Network Monitor):
2017-06-09 13:52:03.291+0000 INFO  [o.n.k.i.DiagnosticsManager] Interface WAN Miniport (PPTP):
2017-06-09 13:52:03.291+0000 INFO  [o.n.k.i.DiagnosticsManager] Interface WAN Miniport (IKEv2):
2017-06-09 13:52:03.291+0000 INFO  [o.n.k.i.DiagnosticsManager] Interface Teredo Tunneling Pseudo-Interface:
2017-06-09 13:52:03.291+0000 INFO  [o.n.k.i.DiagnosticsManager]     address: 2001:0:9d38:78cf:2491:29fc:37fa:8677
2017-06-09 13:52:03.291+0000 INFO  [o.n.k.i.DiagnosticsManager]     address: fe80:0:0:0:2491:29fc:37fa:8677%net3
2017-06-09 13:52:03.291+0000 INFO  [o.n.k.i.DiagnosticsManager] Interface VirtualBox Host-Only Ethernet Adapter:
2017-06-09 13:52:03.291+0000 INFO  [o.n.k.i.DiagnosticsManager] Interface WAN Miniport (IP):
2017-06-09 13:52:03.291+0000 INFO  [o.n.k.i.DiagnosticsManager] Interface Microsoft ISATAP Adapter:
2017-06-09 13:52:03.291+0000 INFO  [o.n.k.i.DiagnosticsManager]     address: fe80:0:0:0:0:5efe:a11:319%net4
2017-06-09 13:52:03.291+0000 INFO  [o.n.k.i.DiagnosticsManager] Interface Realtek PCIe GBE Family Controller:
2017-06-09 13:52:03.291+0000 INFO  [o.n.k.i.DiagnosticsManager]     address: 10.17.3.25
2017-06-09 13:52:03.291+0000 INFO  [o.n.k.i.DiagnosticsManager]     address: fe80:0:0:0:c93e:c15e:4b22:336%eth4
2017-06-09 13:52:03.291+0000 INFO  [o.n.k.i.DiagnosticsManager] Interface WAN Miniport (L2TP):
2017-06-09 13:52:03.291+0000 INFO  [o.n.k.i.DiagnosticsManager] Interface WAN Miniport (IPv6):
2017-06-09 13:52:03.291+0000 INFO  [o.n.k.i.DiagnosticsManager] Interface Realtek PCIe GBE Family Controller-WFP Native MAC Layer LightWeight Filter-0000:
2017-06-09 13:52:03.291+0000 INFO  [o.n.k.i.DiagnosticsManager] Interface Realtek PCIe GBE Family Controller-VirtualBox NDIS Light-Weight Filter-0000:
2017-06-09 13:52:03.291+0000 INFO  [o.n.k.i.DiagnosticsManager] Interface Realtek PCIe GBE Family Controller-COMODO Internet Security Firewall Driver-0000:
2017-06-09 13:52:03.291+0000 INFO  [o.n.k.i.DiagnosticsManager] Interface Realtek PCIe GBE Family Controller-QoS Packet Scheduler-0000:
2017-06-09 13:52:03.291+0000 INFO  [o.n.k.i.DiagnosticsManager] Interface Realtek PCIe GBE Family Controller-WFP 802.3 MAC Layer LightWeight Filter-0000:
2017-06-09 13:52:03.291+0000 INFO  [o.n.k.i.DiagnosticsManager] --- INITIALIZED diagnostics END ---
2017-06-09 13:52:03.307+0000 INFO  [o.n.b.v.r.WorkerFactory] Bolt Server extension loaded.
2017-06-09 13:52:03.307+0000 INFO  [o.n.b.v.r.WorkerFactory] Bolt enabled on localhost:7687.
2017-06-09 13:52:03.385+0000 INFO  [o.n.k.i.s.f.RecordFormatSelector] Selected RecordFormat:StandardV2_1[v0.A.3] record format from store C:\Users\avaisman\Google Drive\Alejandro\ITBA\Curso Graph Databases\cineasts_12k_movies_50k_actors_2.1.6\cineasts_12k_movies_50k_actors.db
2017-06-09 13:52:03.385+0000 INFO  [o.n.k.i.s.f.RecordFormatSelector] Selected format 'RecordFormat:StandardV3_0[v0.A.7]' for existing store with format 'RecordFormat:StandardV2_1[v0.A.3]'
2017-06-09 13:52:03.385+0000 INFO  [o.n.k.i.s.p.StoreMigrator] Starting upgrade of database
2017-06-09 13:52:03.494+0000 INFO  [o.n.k.i.s.p.StoreMigrator] Migrating Indexes (1/3):
2017-06-09 13:52:03.494+0000 INFO  [o.n.k.i.s.p.StoreMigrator]   10% completed
2017-06-09 13:52:03.494+0000 INFO  [o.n.k.i.s.p.StoreMigrator]   20% completed
2017-06-09 13:52:03.494+0000 INFO  [o.n.k.i.s.p.StoreMigrator]   30% completed
2017-06-09 13:52:03.494+0000 INFO  [o.n.k.i.s.p.StoreMigrator]   40% completed
2017-06-09 13:52:03.494+0000 INFO  [o.n.k.i.s.p.StoreMigrator]   50% completed
2017-06-09 13:52:03.494+0000 INFO  [o.n.k.i.s.p.StoreMigrator]   60% completed
2017-06-09 13:52:03.494+0000 INFO  [o.n.k.i.s.p.StoreMigrator]   70% completed
2017-06-09 13:52:03.494+0000 INFO  [o.n.k.i.s.p.StoreMigrator]   80% completed
2017-06-09 13:52:03.494+0000 INFO  [o.n.k.i.s.p.StoreMigrator]   90% completed
2017-06-09 13:52:03.494+0000 INFO  [o.n.k.i.s.p.StoreMigrator]   100% completed
2017-06-09 13:52:03.494+0000 INFO  [o.n.k.i.s.p.StoreMigrator] Migrating Legacy indexes (2/3):
2017-06-09 13:52:14.495+0000 INFO  [o.n.k.i.s.p.StoreMigrator]   10% completed
2017-06-09 13:52:14.495+0000 INFO  [o.n.k.i.s.p.StoreMigrator]   20% completed
2017-06-09 13:52:14.495+0000 INFO  [o.n.k.i.s.p.StoreMigrator]   30% completed
2017-06-09 13:52:14.495+0000 INFO  [o.n.k.i.s.p.StoreMigrator]   40% completed
2017-06-09 13:52:14.495+0000 INFO  [o.n.k.i.s.p.StoreMigrator]   50% completed
2017-06-09 13:52:14.495+0000 INFO  [o.n.k.i.s.p.StoreMigrator]   60% completed
2017-06-09 13:52:14.495+0000 INFO  [o.n.k.i.s.p.StoreMigrator]   70% completed
2017-06-09 13:52:14.495+0000 INFO  [o.n.k.i.s.p.StoreMigrator]   80% completed
2017-06-09 13:52:14.495+0000 INFO  [o.n.k.i.s.p.StoreMigrator]   90% completed
2017-06-09 13:52:14.495+0000 INFO  [o.n.k.i.s.p.StoreMigrator]   100% completed
2017-06-09 13:52:14.495+0000 INFO  [o.n.k.i.s.p.StoreMigrator] Migrating Store files (3/3):
2017-06-09 13:52:18.226+0000 INFO  [o.n.k.i.s.p.StoreMigrator]   10% completed
2017-06-09 13:52:18.226+0000 INFO  [o.n.k.i.s.p.StoreMigrator]   20% completed
2017-06-09 13:52:18.226+0000 INFO  [o.n.k.i.s.p.StoreMigrator]   30% completed
2017-06-09 13:52:18.226+0000 INFO  [o.n.k.i.s.p.StoreMigrator]   40% completed
2017-06-09 13:52:18.226+0000 INFO  [o.n.k.i.s.p.StoreMigrator]   50% completed
2017-06-09 13:52:18.226+0000 INFO  [o.n.k.i.s.p.StoreMigrator]   60% completed
2017-06-09 13:52:18.226+0000 INFO  [o.n.k.i.s.p.StoreMigrator]   70% completed
2017-06-09 13:52:18.226+0000 INFO  [o.n.k.i.s.p.StoreMigrator]   80% completed
2017-06-09 13:52:18.226+0000 INFO  [o.n.k.i.s.p.StoreMigrator]   90% completed
2017-06-09 13:52:18.226+0000 INFO  [o.n.k.i.s.p.StoreMigrator]   100% completed
2017-06-09 13:52:21.112+0000 INFO  [o.n.k.i.s.p.StoreMigrator] Successfully finished upgrade of database
2017-06-09 13:52:21.127+0000 INFO  [o.n.k.i.s.f.RecordFormatSelector] Selected RecordFormat:StandardV3_0[v0.A.7] record format from store C:\Users\avaisman\Google Drive\Alejandro\ITBA\Curso Graph Databases\cineasts_12k_movies_50k_actors_2.1.6\cineasts_12k_movies_50k_actors.db
2017-06-09 13:52:21.127+0000 INFO  [o.n.k.i.s.f.RecordFormatSelector] Format not configured. Selected format from the store: RecordFormat:StandardV3_0[v0.A.7]
2017-06-09 13:52:22.143+0000 INFO  [o.n.k.i.a.i.IndexingService] IndexingService.init: index 1 on :label[1](property[5]) is POPULATING
2017-06-09 13:52:22.143+0000 INFO  [o.n.k.i.a.i.IndexingService] IndexingService.init: index 2 on :label[0](property[9]) is POPULATING
2017-06-09 13:52:22.143+0000 INFO  [o.n.k.i.a.i.IndexingService] IndexingService.init: index 3 on :label[3](property[5]) is POPULATING
2017-06-09 13:52:22.143+0000 INFO  [o.n.k.i.a.i.IndexingService] IndexingService.init: index 4 on :label[4](property[5]) is POPULATING
2017-06-09 13:52:22.143+0000 INFO  [o.n.k.i.a.i.IndexingService] IndexingService.init: index 8 on :label[2](property[3]) is POPULATING
2017-06-09 13:52:22.143+0000 INFO  [o.n.k.a.i.l.LuceneLabelScanStore] No lucene scan store index found, this might just be first use. Preparing to rebuild.
2017-06-09 13:52:22.190+0000 INFO  [o.n.k.i.s.DynamicArrayStore] Rebuilding id generator for[C:\Users\avaisman\Google Drive\Alejandro\ITBA\Curso Graph Databases\cineasts_12k_movies_50k_actors_2.1.6\cineasts_12k_movies_50k_actors.db\neostore.nodestore.db.labels] ...
2017-06-09 13:52:22.284+0000 INFO  [o.n.k.i.s.DynamicArrayStore] [C:\Users\avaisman\Google Drive\Alejandro\ITBA\Curso Graph Databases\cineasts_12k_movies_50k_actors_2.1.6\cineasts_12k_movies_50k_actors.db\neostore.nodestore.db.labels] high id=1 (defragged=0)
2017-06-09 13:52:22.299+0000 INFO  [o.n.k.i.s.DynamicArrayStore] C:\Users\avaisman\Google Drive\Alejandro\ITBA\Curso Graph Databases\cineasts_12k_movies_50k_actors_2.1.6\cineasts_12k_movies_50k_actors.db\neostore.nodestore.db.labels rebuild id generator, highId=1 defragged count=0
2017-06-09 13:52:22.299+0000 INFO  [o.n.k.i.s.DynamicStringStore] Rebuilding id generator for[C:\Users\avaisman\Google Drive\Alejandro\ITBA\Curso Graph Databases\cineasts_12k_movies_50k_actors_2.1.6\cineasts_12k_movies_50k_actors.db\neostore.propertystore.db.strings] ...
2017-06-09 13:52:22.393+0000 INFO  [o.n.k.i.s.DynamicStringStore] [C:\Users\avaisman\Google Drive\Alejandro\ITBA\Curso Graph Databases\cineasts_12k_movies_50k_actors_2.1.6\cineasts_12k_movies_50k_actors.db\neostore.propertystore.db.strings] high id=104034 (defragged=0)
2017-06-09 13:52:22.393+0000 INFO  [o.n.k.i.s.DynamicStringStore] C:\Users\avaisman\Google Drive\Alejandro\ITBA\Curso Graph Databases\cineasts_12k_movies_50k_actors_2.1.6\cineasts_12k_movies_50k_actors.db\neostore.propertystore.db.strings rebuild id generator, highId=104034 defragged count=0
2017-06-09 13:52:22.393+0000 INFO  [o.n.k.i.s.DynamicArrayStore] Rebuilding id generator for[C:\Users\avaisman\Google Drive\Alejandro\ITBA\Curso Graph Databases\cineasts_12k_movies_50k_actors_2.1.6\cineasts_12k_movies_50k_actors.db\neostore.propertystore.db.arrays] ...
2017-06-09 13:52:22.487+0000 INFO  [o.n.k.i.s.DynamicArrayStore] [C:\Users\avaisman\Google Drive\Alejandro\ITBA\Curso Graph Databases\cineasts_12k_movies_50k_actors_2.1.6\cineasts_12k_movies_50k_actors.db\neostore.propertystore.db.arrays] high id=1 (defragged=0)
2017-06-09 13:52:22.487+0000 INFO  [o.n.k.i.s.DynamicArrayStore] C:\Users\avaisman\Google Drive\Alejandro\ITBA\Curso Graph Databases\cineasts_12k_movies_50k_actors_2.1.6\cineasts_12k_movies_50k_actors.db\neostore.propertystore.db.arrays rebuild id generator, highId=1 defragged count=0
2017-06-09 13:52:22.487+0000 INFO  [o.n.k.i.s.SchemaStore] Rebuilding id generator for[C:\Users\avaisman\Google Drive\Alejandro\ITBA\Curso Graph Databases\cineasts_12k_movies_50k_actors_2.1.6\cineasts_12k_movies_50k_actors.db\neostore.schemastore.db] ...
2017-06-09 13:52:22.581+0000 INFO  [o.n.k.i.s.SchemaStore] [C:\Users\avaisman\Google Drive\Alejandro\ITBA\Curso Graph Databases\cineasts_12k_movies_50k_actors_2.1.6\cineasts_12k_movies_50k_actors.db\neostore.schemastore.db] high id=10 (defragged=0)
2017-06-09 13:52:22.581+0000 INFO  [o.n.k.i.s.SchemaStore] C:\Users\avaisman\Google Drive\Alejandro\ITBA\Curso Graph Databases\cineasts_12k_movies_50k_actors_2.1.6\cineasts_12k_movies_50k_actors.db\neostore.schemastore.db rebuild id generator, highId=10 defragged count=0
2017-06-09 13:52:22.596+0000 INFO  [o.n.k.i.a.i.IndexingService] IndexingService.start: index 8 on :User(login) is POPULATING
2017-06-09 13:52:22.596+0000 INFO  [o.n.k.i.a.i.IndexingService] IndexingService.start: index 1 on :Person(name) is POPULATING
2017-06-09 13:52:22.596+0000 INFO  [o.n.k.i.a.i.IndexingService] IndexingService.start: index 2 on :Movie(title) is POPULATING
2017-06-09 13:52:22.596+0000 INFO  [o.n.k.i.a.i.IndexingService] IndexingService.start: index 3 on :Actor(name) is POPULATING
2017-06-09 13:52:22.596+0000 INFO  [o.n.k.i.a.i.IndexingService] IndexingService.start: index 4 on :Director(name) is POPULATING
2017-06-09 13:52:22.612+0000 WARN  [o.n.k.i.a.i.s.IndexSamplingController] Recovering index sampling for index :Movie(title)
2017-06-09 13:52:22.612+0000 WARN  [o.n.k.i.a.i.s.IndexSamplingController] Recovering index sampling for index :Director(name)
2017-06-09 13:52:22.612+0000 WARN  [o.n.k.i.a.i.s.IndexSamplingController] Recovering index sampling for index :User(login)
2017-06-09 13:52:22.612+0000 INFO  [o.n.k.i.a.i.IndexPopulationJob] Index population started: [:Person(name) [provider: {key=lucene, version=1.0}]]
2017-06-09 13:52:22.612+0000 WARN  [o.n.k.i.a.i.s.IndexSamplingController] Recovering index sampling for index :Actor(name)
2017-06-09 13:52:22.612+0000 WARN  [o.n.k.i.a.i.s.IndexSamplingController] Recovering index sampling for index :Person(name)
2017-06-09 13:52:22.659+0000 INFO  [o.n.k.i.a.i.IndexPopulationJob] Index population started: [:Movie(title) [provider: {key=lucene, version=1.0}]]
2017-06-09 13:52:22.690+0000 INFO  [o.n.k.i.a.i.IndexPopulationJob] Index population started: [:Actor(name) [provider: {key=lucene, version=1.0}]]
2017-06-09 13:52:22.737+0000 INFO  [o.n.k.i.a.i.IndexPopulationJob] Index population started: [:Director(name) [provider: {key=lucene, version=1.0}]]
2017-06-09 13:52:22.784+0000 INFO  [o.n.k.i.a.i.IndexPopulationJob] Index population started: [:User(login) [provider: {key=lucene, version=1.0}]]
2017-06-09 13:52:23.737+0000 INFO  [o.n.k.i.a.i.IndexPopulationJob] Completed node store scan. Flushing all pending updates.
BatchingMultipleIndexPopulator{activeTasks=0, executor=java.util.concurrent.ThreadPoolExecutor@6208250a[Running, pool size = 7, active threads = 0, queued tasks = 0, completed tasks = 10], batchedUpdates = [6037 updates, 4943 updates, 45 updates, 2862 updates, 179 updates], queuedUpdates = 0}
2017-06-09 13:52:23.737+0000 INFO  [o.n.k.i.a.i.IndexPopulationJob] Shutting down executor.
BatchingMultipleIndexPopulator{activeTasks=5, executor=java.util.concurrent.ThreadPoolExecutor@6208250a[Running, pool size = 7, active threads = 1, queued tasks = 3, completed tasks = 10], batchedUpdates = [], queuedUpdates = 0}
2017-06-09 13:52:24.690+0000 INFO  [o.n.k.i.a.i.IndexPopulationJob] Index population completed. Index is now online: [:Person(name) [provider: {key=lucene, version=1.0}]]
2017-06-09 13:52:24.846+0000 INFO  [o.n.k.i.a.i.IndexPopulationJob] Index population completed. Index is now online: [:Movie(title) [provider: {key=lucene, version=1.0}]]
2017-06-09 13:52:25.424+0000 INFO  [o.n.k.i.a.i.IndexPopulationJob] Index population completed. Index is now online: [:Actor(name) [provider: {key=lucene, version=1.0}]]
2017-06-09 13:52:25.596+0000 INFO  [o.n.k.i.a.i.IndexPopulationJob] Index population completed. Index is now online: [:Director(name) [provider: {key=lucene, version=1.0}]]
2017-06-09 13:52:25.674+0000 INFO  [o.n.k.i.a.i.IndexPopulationJob] Index population completed. Index is now online: [:User(login) [provider: {key=lucene, version=1.0}]]
2017-06-09 13:52:25.690+0000 INFO  [o.n.k.a.i.l.LuceneLabelScanStore] Rebuilding lucene scan store, this may take a while
2017-06-09 13:52:25.690+0000 INFO  [o.n.k.i.a.KernelSchemaStateStore] Schema state store has been cleared.
2017-06-09 13:52:26.034+0000 INFO  [o.n.k.a.i.l.LuceneLabelScanStore] Lucene scan store rebuilt (roughly 63041 nodes)
2017-06-09 13:52:26.034+0000 INFO  [o.n.k.i.DatabaseHealth] Database health set to OK
2017-06-09 13:52:26.049+0000 INFO  [o.n.k.AvailabilityGuard] Fulfilling of requirement makes database available: Database available
2017-06-09 13:52:26.049+0000 INFO  [o.n.k.i.f.GraphDatabaseFacadeFactory] Database is now ready
2017-06-09 13:52:26.049+0000 INFO  [o.n.k.i.DiagnosticsManager] --- STARTED diagnostics for KernelDiagnostics:Versions START ---
2017-06-09 13:52:26.049+0000 INFO  [o.n.k.i.DiagnosticsManager] Graph Database: community single StoreId{creationTime=1302041417160, randomId=279295251295883695, storeVersion=15531981201765894, upgradeTime=1497016338601, upgradeId=199}
2017-06-09 13:52:26.049+0000 INFO  [o.n.k.i.DiagnosticsManager] Kernel version: 3.1.0
2017-06-09 13:52:26.049+0000 INFO  [o.n.k.i.DiagnosticsManager] --- STARTED diagnostics for KernelDiagnostics:Versions END ---
2017-06-09 13:52:26.049+0000 INFO  [o.n.k.i.DiagnosticsManager] --- STARTED diagnostics for NEO_STORE_VERSIONS START ---
2017-06-09 13:52:26.049+0000 INFO  [o.n.k.i.DiagnosticsManager] Store versions:
2017-06-09 13:52:26.049+0000 INFO  [o.n.k.i.DiagnosticsManager] Store versions:
2017-06-09 13:52:26.049+0000 INFO  [o.n.k.i.DiagnosticsManager]   ArrayPropertyStore v0.A.7
2017-06-09 13:52:26.049+0000 INFO  [o.n.k.i.DiagnosticsManager]   NodeStore v0.A.7
2017-06-09 13:52:26.049+0000 INFO  [o.n.k.i.DiagnosticsManager]   StringPropertyStore v0.A.7
2017-06-09 13:52:26.049+0000 INFO  [o.n.k.i.DiagnosticsManager]   PropertyIndexStore v0.A.7
2017-06-09 13:52:26.049+0000 INFO  [o.n.k.i.DiagnosticsManager]   StringPropertyStore v0.A.7
2017-06-09 13:52:26.049+0000 INFO  [o.n.k.i.DiagnosticsManager]   ArrayPropertyStore v0.A.7
2017-06-09 13:52:26.049+0000 INFO  [o.n.k.i.DiagnosticsManager]   PropertyStore v0.A.7
2017-06-09 13:52:26.049+0000 INFO  [o.n.k.i.DiagnosticsManager]   RelationshipStore v0.A.7
2017-06-09 13:52:26.049+0000 INFO  [o.n.k.i.DiagnosticsManager]   StringPropertyStore v0.A.7
2017-06-09 13:52:26.049+0000 INFO  [o.n.k.i.DiagnosticsManager]   RelationshipTypeStore v0.A.7
2017-06-09 13:52:26.049+0000 INFO  [o.n.k.i.DiagnosticsManager]   StringPropertyStore v0.A.7
2017-06-09 13:52:26.049+0000 INFO  [o.n.k.i.DiagnosticsManager]   LabelTokenStore v0.A.7
2017-06-09 13:52:26.049+0000 INFO  [o.n.k.i.DiagnosticsManager]   SchemaStore v0.A.7
2017-06-09 13:52:26.049+0000 INFO  [o.n.k.i.DiagnosticsManager]   RelationshipGroupStore v0.A.7
2017-06-09 13:52:26.049+0000 INFO  [o.n.k.i.DiagnosticsManager]   NeoStore v0.A.7
2017-06-09 13:52:26.049+0000 INFO  [o.n.k.i.DiagnosticsManager] --- STARTED diagnostics for NEO_STORE_VERSIONS END ---
2017-06-09 13:52:26.049+0000 INFO  [o.n.k.i.DiagnosticsManager] --- STARTED diagnostics for NEO_STORE_ID_USAGE START ---
2017-06-09 13:52:26.049+0000 INFO  [o.n.k.i.DiagnosticsManager] Id usage:
2017-06-09 13:52:26.049+0000 INFO  [o.n.k.i.DiagnosticsManager] Id usage:
2017-06-09 13:52:26.049+0000 INFO  [o.n.k.i.DiagnosticsManager]   ArrayPropertyStore: used=1 high=0
2017-06-09 13:52:26.049+0000 INFO  [o.n.k.i.DiagnosticsManager]   NodeStore: used=219901 high=219900
2017-06-09 13:52:26.049+0000 INFO  [o.n.k.i.DiagnosticsManager]   StringPropertyStore: used=28 high=27
2017-06-09 13:52:26.049+0000 INFO  [o.n.k.i.DiagnosticsManager]   PropertyIndexStore: used=27 high=26
2017-06-09 13:52:26.049+0000 INFO  [o.n.k.i.DiagnosticsManager]   StringPropertyStore: used=104034 high=104033
2017-06-09 13:52:26.049+0000 INFO  [o.n.k.i.DiagnosticsManager]   ArrayPropertyStore: used=1 high=0
2017-06-09 13:52:26.049+0000 INFO  [o.n.k.i.DiagnosticsManager]   PropertyStore: used=332090 high=426799
2017-06-09 13:52:26.049+0000 INFO  [o.n.k.i.DiagnosticsManager]   RelationshipStore: used=411613 high=411612
2017-06-09 13:52:26.049+0000 INFO  [o.n.k.i.DiagnosticsManager]   StringPropertyStore: used=6 high=5
2017-06-09 13:52:26.049+0000 INFO  [o.n.k.i.DiagnosticsManager]   RelationshipTypeStore: used=5 high=4
2017-06-09 13:52:26.049+0000 INFO  [o.n.k.i.DiagnosticsManager]   StringPropertyStore: used=6 high=5
2017-06-09 13:52:26.049+0000 INFO  [o.n.k.i.DiagnosticsManager]   LabelTokenStore: used=5 high=4
2017-06-09 13:52:26.049+0000 INFO  [o.n.k.i.DiagnosticsManager]   SchemaStore: used=10 high=9
2017-06-09 13:52:26.049+0000 INFO  [o.n.k.i.DiagnosticsManager]   RelationshipGroupStore: used=63 high=62
2017-06-09 13:52:26.049+0000 INFO  [o.n.k.i.DiagnosticsManager]   NeoStore: used=15 high=14
2017-06-09 13:52:26.049+0000 INFO  [o.n.k.i.DiagnosticsManager] --- STARTED diagnostics for NEO_STORE_ID_USAGE END ---
2017-06-09 13:52:26.049+0000 INFO  [o.n.k.i.DiagnosticsManager] --- STARTED diagnostics for NEO_STORE_RECORDS START ---
2017-06-09 13:52:26.049+0000 INFO  [o.n.k.i.DiagnosticsManager] Neostore records:
2017-06-09 13:52:26.049+0000 INFO  [o.n.k.i.DiagnosticsManager] TIME (Creation time): 1302041417160
2017-06-09 13:52:26.049+0000 INFO  [o.n.k.i.DiagnosticsManager] RANDOM_NUMBER (Random number for store id): 279295251295883695
2017-06-09 13:52:26.049+0000 INFO  [o.n.k.i.DiagnosticsManager] LOG_VERSION (Current log version): 29
2017-06-09 13:52:26.049+0000 INFO  [o.n.k.i.DiagnosticsManager] LAST_TRANSACTION_ID (Last committed transaction): 199
2017-06-09 13:52:26.049+0000 INFO  [o.n.k.i.DiagnosticsManager] STORE_VERSION (Store format version): 15531981201765894
2017-06-09 13:52:26.049+0000 INFO  [o.n.k.i.DiagnosticsManager] FIRST_GRAPH_PROPERTY (First property record containing graph properties): -1
2017-06-09 13:52:26.049+0000 INFO  [o.n.k.i.DiagnosticsManager] LAST_CONSTRAINT_TRANSACTION (Last committed transaction containing constraint changes): 197
2017-06-09 13:52:26.049+0000 INFO  [o.n.k.i.DiagnosticsManager] UPGRADE_TRANSACTION_ID (Transaction id most recent upgrade was performed at): 199
2017-06-09 13:52:26.049+0000 INFO  [o.n.k.i.DiagnosticsManager] UPGRADE_TIME (Time of last upgrade): 1497016338601
2017-06-09 13:52:26.049+0000 INFO  [o.n.k.i.DiagnosticsManager] LAST_TRANSACTION_CHECKSUM (Checksum of last committed transaction): 1
2017-06-09 13:52:26.049+0000 INFO  [o.n.k.i.DiagnosticsManager] UPGRADE_TRANSACTION_CHECKSUM (Checksum of transaction id the most recent upgrade was performed at): 1
2017-06-09 13:52:26.049+0000 INFO  [o.n.k.i.DiagnosticsManager] LAST_CLOSED_TRANSACTION_LOG_VERSION (Log version where the last transaction commit entry has been written into): 0
2017-06-09 13:52:26.049+0000 INFO  [o.n.k.i.DiagnosticsManager] LAST_CLOSED_TRANSACTION_LOG_BYTE_OFFSET (Byte offset in the log file where the last transaction commit entry has been written into): 16
2017-06-09 13:52:26.065+0000 INFO  [o.n.k.i.DiagnosticsManager] LAST_TRANSACTION_COMMIT_TIMESTAMP (Commit time timestamp for last committed transaction): 1
2017-06-09 13:52:26.065+0000 INFO  [o.n.k.i.DiagnosticsManager] UPGRADE_TRANSACTION_COMMIT_TIMESTAMP (Commit timestamp of transaction the most recent upgrade was performed at): 1
2017-06-09 13:52:26.065+0000 INFO  [o.n.k.i.DiagnosticsManager] --- STARTED diagnostics for NEO_STORE_RECORDS END ---
2017-06-09 13:52:26.065+0000 INFO  [o.n.k.i.DiagnosticsManager] --- STARTED diagnostics for TRANSACTION_RANGE START ---
2017-06-09 13:52:26.065+0000 INFO  [o.n.k.i.DiagnosticsManager] Transaction log:
2017-06-09 13:52:26.065+0000 INFO  [o.n.k.i.DiagnosticsManager] Oldest transaction 200 found in log with version 29
2017-06-09 13:52:26.065+0000 INFO  [o.n.k.i.DiagnosticsManager] --- STARTED diagnostics for TRANSACTION_RANGE END ---
2017-06-09 13:52:26.065+0000 INFO  [o.n.k.i.DiagnosticsManager] --- STARTED diagnostics for KernelDiagnostics:StoreFiles START ---
2017-06-09 13:52:26.065+0000 INFO  [o.n.k.i.DiagnosticsManager] Disk space on partition (Total / Free / Free %): 483852808192 / 100836667392 / 20
Storage files: (filename : modification date - size)
2017-06-09 13:52:26.065+0000 INFO  [o.n.k.i.DiagnosticsManager]   certificates:
2017-06-09 13:52:26.065+0000 INFO  [o.n.k.i.DiagnosticsManager]     neo4j.cert: 2017-06-09T10:52:03-0300 - 1002,00 B
2017-06-09 13:52:26.065+0000 INFO  [o.n.k.i.DiagnosticsManager]     neo4j.key: 2017-06-09T10:52:03-0300 - 1,69 kB
2017-06-09 13:52:26.065+0000 INFO  [o.n.k.i.DiagnosticsManager]   - Total: 2017-06-09T10:52:03-0300 - 2,67 kB
2017-06-09 13:52:26.065+0000 INFO  [o.n.k.i.DiagnosticsManager]   data:
2017-06-09 13:52:26.065+0000 INFO  [o.n.k.i.DiagnosticsManager]     dbms:
2017-06-09 13:52:26.065+0000 INFO  [o.n.k.i.DiagnosticsManager]       auth: 2017-06-09T10:52:26-0300 - 137,00 B
2017-06-09 13:52:26.065+0000 INFO  [o.n.k.i.DiagnosticsManager]     - Total: 2017-06-09T10:52:26-0300 - 137,00 B
2017-06-09 13:52:26.065+0000 INFO  [o.n.k.i.DiagnosticsManager]   - Total: 2017-06-09T10:52:26-0300 - 137,00 B
2017-06-09 13:52:26.065+0000 INFO  [o.n.k.i.DiagnosticsManager]   index:
2017-06-09 13:52:26.065+0000 INFO  [o.n.k.i.DiagnosticsManager]     lucene:
2017-06-09 13:52:26.065+0000 INFO  [o.n.k.i.DiagnosticsManager]       node:
2017-06-09 13:52:26.065+0000 INFO  [o.n.k.i.DiagnosticsManager]         Movie:
2017-06-09 13:52:26.065+0000 INFO  [o.n.k.i.DiagnosticsManager]           _n.fdt: 2017-06-09T10:52:05-0300 - 342,50 kB
2017-06-09 13:52:26.065+0000 INFO  [o.n.k.i.DiagnosticsManager]           _n.fdx: 2017-06-09T10:52:05-0300 - 250,00 B
2017-06-09 13:52:26.065+0000 INFO  [o.n.k.i.DiagnosticsManager]           _n.fnm: 2017-06-09T10:52:06-0300 - 327,00 B
2017-06-09 13:52:26.065+0000 INFO  [o.n.k.i.DiagnosticsManager]           _n.nvd: 2017-06-09T10:52:06-0300 - 59,00 B
2017-06-09 13:52:26.065+0000 INFO  [o.n.k.i.DiagnosticsManager]           _n.nvm: 2017-06-09T10:52:06-0300 - 98,00 B
2017-06-09 13:52:26.065+0000 INFO  [o.n.k.i.DiagnosticsManager]           _n.si: 2017-06-09T10:52:06-0300 - 491,00 B
2017-06-09 13:52:26.065+0000 INFO  [o.n.k.i.DiagnosticsManager]           _n_Lucene50_0.doc: 2017-06-09T10:52:06-0300 - 1,53 kB
2017-06-09 13:52:26.065+0000 INFO  [o.n.k.i.DiagnosticsManager]           _n_Lucene50_0.pos: 2017-06-09T10:52:06-0300 - 37,76 kB
2017-06-09 13:52:26.065+0000 INFO  [o.n.k.i.DiagnosticsManager]           _n_Lucene50_0.tim: 2017-06-09T10:52:06-0300 - 502,88 kB
2017-06-09 13:52:26.081+0000 INFO  [o.n.k.i.DiagnosticsManager]           _n_Lucene50_0.tip: 2017-06-09T10:52:06-0300 - 8,05 kB
2017-06-09 13:52:26.081+0000 INFO  [o.n.k.i.DiagnosticsManager]           segments_8: 2017-06-09T10:52:06-0300 - 136,00 B
2017-06-09 13:52:26.081+0000 INFO  [o.n.k.i.DiagnosticsManager]         - Total: 2017-06-09T10:52:22-0300 - 894,04 kB
2017-06-09 13:52:26.081+0000 INFO  [o.n.k.i.DiagnosticsManager]         Person:
2017-06-09 13:52:26.081+0000 INFO  [o.n.k.i.DiagnosticsManager]           _o.fdt: 2017-06-09T10:52:07-0300 - 1,18 MB
2017-06-09 13:52:26.081+0000 INFO  [o.n.k.i.DiagnosticsManager]           _o.fdx: 2017-06-09T10:52:07-0300 - 824,00 B
2017-06-09 13:52:26.081+0000 INFO  [o.n.k.i.DiagnosticsManager]           _o.fnm: 2017-06-09T10:52:07-0300 - 326,00 B
2017-06-09 13:52:26.081+0000 INFO  [o.n.k.i.DiagnosticsManager]           _o.nvd: 2017-06-09T10:52:07-0300 - 59,00 B
2017-06-09 13:52:26.081+0000 INFO  [o.n.k.i.DiagnosticsManager]           _o.nvm: 2017-06-09T10:52:07-0300 - 98,00 B
2017-06-09 13:52:26.081+0000 INFO  [o.n.k.i.DiagnosticsManager]           _o.si: 2017-06-09T10:52:07-0300 - 491,00 B
2017-06-09 13:52:26.081+0000 INFO  [o.n.k.i.DiagnosticsManager]           _o_Lucene50_0.doc: 2017-06-09T10:52:07-0300 - 1,82 kB
2017-06-09 13:52:26.081+0000 INFO  [o.n.k.i.DiagnosticsManager]           _o_Lucene50_0.pos: 2017-06-09T10:52:07-0300 - 147,05 kB
2017-06-09 13:52:26.081+0000 INFO  [o.n.k.i.DiagnosticsManager]           _o_Lucene50_0.tim: 2017-06-09T10:52:07-0300 - 1,75 MB
2017-06-09 13:52:26.081+0000 INFO  [o.n.k.i.DiagnosticsManager]           _o_Lucene50_0.tip: 2017-06-09T10:52:07-0300 - 32,01 kB
2017-06-09 13:52:26.081+0000 INFO  [o.n.k.i.DiagnosticsManager]           segments_8: 2017-06-09T10:52:07-0300 - 136,00 B
2017-06-09 13:52:26.081+0000 INFO  [o.n.k.i.DiagnosticsManager]         - Total: 2017-06-09T10:52:22-0300 - 3,11 MB
2017-06-09 13:52:26.081+0000 INFO  [o.n.k.i.DiagnosticsManager]         User:
2017-06-09 13:52:26.081+0000 INFO  [o.n.k.i.DiagnosticsManager]           _1h.fdt: 2017-06-09T10:52:10-0300 - 788,00 B
2017-06-09 13:52:26.081+0000 INFO  [o.n.k.i.DiagnosticsManager]           _1h.fdx: 2017-06-09T10:52:10-0300 - 84,00 B
2017-06-09 13:52:26.081+0000 INFO  [o.n.k.i.DiagnosticsManager]           _1h.fnm: 2017-06-09T10:52:10-0300 - 240,00 B
2017-06-09 13:52:26.081+0000 INFO  [o.n.k.i.DiagnosticsManager]           _1h.nvd: 2017-06-09T10:52:10-0300 - 59,00 B
2017-06-09 13:52:26.081+0000 INFO  [o.n.k.i.DiagnosticsManager]           _1h.nvm: 2017-06-09T10:52:10-0300 - 88,00 B
2017-06-09 13:52:26.081+0000 INFO  [o.n.k.i.DiagnosticsManager]           _1h.si: 2017-06-09T10:52:10-0300 - 501,00 B
2017-06-09 13:52:26.081+0000 INFO  [o.n.k.i.DiagnosticsManager]           _1h_Lucene50_0.doc: 2017-06-09T10:52:10-0300 - 114,00 B
2017-06-09 13:52:26.081+0000 INFO  [o.n.k.i.DiagnosticsManager]           _1h_Lucene50_0.pos: 2017-06-09T10:52:10-0300 - 173,00 B
2017-06-09 13:52:26.081+0000 INFO  [o.n.k.i.DiagnosticsManager]           _1h_Lucene50_0.tim: 2017-06-09T10:52:10-0300 - 1,29 kB
2017-06-09 13:52:26.081+0000 INFO  [o.n.k.i.DiagnosticsManager]           _1h_Lucene50_0.tip: 2017-06-09T10:52:10-0300 - 130,00 B
2017-06-09 13:52:26.081+0000 INFO  [o.n.k.i.DiagnosticsManager]           segments_a: 2017-06-09T10:52:10-0300 - 137,00 B
2017-06-09 13:52:26.081+0000 INFO  [o.n.k.i.DiagnosticsManager]         - Total: 2017-06-09T10:52:22-0300 - 3,55 kB
2017-06-09 13:52:26.081+0000 INFO  [o.n.k.i.DiagnosticsManager]         __types__:
2017-06-09 13:52:26.081+0000 INFO  [o.n.k.i.DiagnosticsManager]           _20.fdt: 2017-06-09T10:52:11-0300 - 406,01 kB
2017-06-09 13:52:26.081+0000 INFO  [o.n.k.i.DiagnosticsManager]           _20.fdx: 2017-06-09T10:52:11-0300 - 826,00 B
2017-06-09 13:52:26.081+0000 INFO  [o.n.k.i.DiagnosticsManager]           _20.fnm: 2017-06-09T10:52:11-0300 - 244,00 B
2017-06-09 13:52:26.081+0000 INFO  [o.n.k.i.DiagnosticsManager]           _20.nvd: 2017-06-09T10:52:11-0300 - 59,00 B
2017-06-09 13:52:26.081+0000 INFO  [o.n.k.i.DiagnosticsManager]           _20.nvm: 2017-06-09T10:52:11-0300 - 88,00 B
2017-06-09 13:52:26.081+0000 INFO  [o.n.k.i.DiagnosticsManager]           _20.si: 2017-06-09T10:52:11-0300 - 501,00 B
2017-06-09 13:52:26.081+0000 INFO  [o.n.k.i.DiagnosticsManager]           _20_Lucene50_0.doc: 2017-06-09T10:52:11-0300 - 27,78 kB
2017-06-09 13:52:26.081+0000 INFO  [o.n.k.i.DiagnosticsManager]           _20_Lucene50_0.pos: 2017-06-09T10:52:11-0300 - 62,80 kB
2017-06-09 13:52:26.081+0000 INFO  [o.n.k.i.DiagnosticsManager]           _20_Lucene50_0.tim: 2017-06-09T10:52:11-0300 - 610,11 kB
2017-06-09 13:52:26.081+0000 INFO  [o.n.k.i.DiagnosticsManager]           _20_Lucene50_0.tip: 2017-06-09T10:52:11-0300 - 8,19 kB
2017-06-09 13:52:26.081+0000 INFO  [o.n.k.i.DiagnosticsManager]           segments_b: 2017-06-09T10:52:11-0300 - 137,00 B
2017-06-09 13:52:26.081+0000 INFO  [o.n.k.i.DiagnosticsManager]         - Total: 2017-06-09T10:52:22-0300 - 1,09 MB
2017-06-09 13:52:26.081+0000 INFO  [o.n.k.i.DiagnosticsManager]         search:
2017-06-09 13:52:26.081+0000 INFO  [o.n.k.i.DiagnosticsManager]           _10.fdt: 2017-06-09T10:52:08-0300 - 364,71 kB
2017-06-09 13:52:26.081+0000 INFO  [o.n.k.i.DiagnosticsManager]           _10.fdx: 2017-06-09T10:52:08-0300 - 396,00 B
2017-06-09 13:52:26.081+0000 INFO  [o.n.k.i.DiagnosticsManager]           _10.fnm: 2017-06-09T10:52:08-0300 - 332,00 B
2017-06-09 13:52:26.081+0000 INFO  [o.n.k.i.DiagnosticsManager]           _10.nvd: 2017-06-09T10:52:08-0300 - 25,18 kB
2017-06-09 13:52:26.081+0000 INFO  [o.n.k.i.DiagnosticsManager]           _10.nvm: 2017-06-09T10:52:08-0300 - 98,00 B
2017-06-09 13:52:26.081+0000 INFO  [o.n.k.i.DiagnosticsManager]           _10.si: 2017-06-09T10:52:08-0300 - 501,00 B
2017-06-09 13:52:26.081+0000 INFO  [o.n.k.i.DiagnosticsManager]           _10_Lucene50_0.doc: 2017-06-09T10:52:08-0300 - 58,92 kB
2017-06-09 13:52:26.096+0000 INFO  [o.n.k.i.DiagnosticsManager]           _10_Lucene50_0.pos: 2017-06-09T10:52:08-0300 - 87,23 kB
2017-06-09 13:52:26.096+0000 INFO  [o.n.k.i.DiagnosticsManager]           _10_Lucene50_0.tim: 2017-06-09T10:52:08-0300 - 531,15 kB
2017-06-09 13:52:26.096+0000 INFO  [o.n.k.i.DiagnosticsManager]           _10_Lucene50_0.tip: 2017-06-09T10:52:08-0300 - 8,93 kB
2017-06-09 13:52:26.096+0000 INFO  [o.n.k.i.DiagnosticsManager]           segments_b: 2017-06-09T10:52:08-0300 - 137,00 B
2017-06-09 13:52:26.096+0000 INFO  [o.n.k.i.DiagnosticsManager]         - Total: 2017-06-09T10:52:22-0300 - 1,05 MB
2017-06-09 13:52:26.096+0000 INFO  [o.n.k.i.DiagnosticsManager]       - Total: 2017-06-09T10:52:03-0300 - 6,13 MB
2017-06-09 13:52:26.096+0000 INFO  [o.n.k.i.DiagnosticsManager]       relationship:
2017-06-09 13:52:26.096+0000 INFO  [o.n.k.i.DiagnosticsManager]         __types__:
2017-06-09 13:52:26.096+0000 INFO  [o.n.k.i.DiagnosticsManager]           _2d.fdt: 2017-06-09T10:52:13-0300 - 1,23 MB
2017-06-09 13:52:26.096+0000 INFO  [o.n.k.i.DiagnosticsManager]           _2d.fdx: 2017-06-09T10:52:13-0300 - 2,58 kB
2017-06-09 13:52:26.096+0000 INFO  [o.n.k.i.DiagnosticsManager]           _2d.fnm: 2017-06-09T10:52:13-0300 - 442,00 B
2017-06-09 13:52:26.096+0000 INFO  [o.n.k.i.DiagnosticsManager]           _2d.nvd: 2017-06-09T10:52:13-0300 - 92,57 kB
2017-06-09 13:52:26.096+0000 INFO  [o.n.k.i.DiagnosticsManager]           _2d.nvm: 2017-06-09T10:52:13-0300 - 108,00 B
2017-06-09 13:52:26.096+0000 INFO  [o.n.k.i.DiagnosticsManager]           _2d.si: 2017-06-09T10:52:13-0300 - 501,00 B
2017-06-09 13:52:26.096+0000 INFO  [o.n.k.i.DiagnosticsManager]           _2d_Lucene50_0.doc: 2017-06-09T10:52:13-0300 - 281,04 kB
2017-06-09 13:52:26.096+0000 INFO  [o.n.k.i.DiagnosticsManager]           _2d_Lucene50_0.pos: 2017-06-09T10:52:13-0300 - 290,82 kB
2017-06-09 13:52:26.096+0000 INFO  [o.n.k.i.DiagnosticsManager]           _2d_Lucene50_0.tim: 2017-06-09T10:52:13-0300 - 1,39 MB
2017-06-09 13:52:26.096+0000 INFO  [o.n.k.i.DiagnosticsManager]           _2d_Lucene50_0.tip: 2017-06-09T10:52:13-0300 - 24,32 kB
2017-06-09 13:52:26.096+0000 INFO  [o.n.k.i.DiagnosticsManager]           segments_d: 2017-06-09T10:52:13-0300 - 137,00 B
2017-06-09 13:52:26.096+0000 INFO  [o.n.k.i.DiagnosticsManager]         - Total: 2017-06-09T10:52:22-0300 - 3,30 MB
2017-06-09 13:52:26.096+0000 INFO  [o.n.k.i.DiagnosticsManager]       - Total: 2017-06-09T10:52:03-0300 - 3,30 MB
2017-06-09 13:52:26.096+0000 INFO  [o.n.k.i.DiagnosticsManager]     - Total: 2017-06-09T10:52:03-0300 - 9,43 MB
2017-06-09 13:52:26.096+0000 INFO  [o.n.k.i.DiagnosticsManager]     lucene-store.db: 2017-06-09T10:52:04-0300 - 40,00 B
2017-06-09 13:52:26.096+0000 INFO  [o.n.k.i.DiagnosticsManager]     lucene.log.active: 2017-06-09T10:52:04-0300 - 4,00 B
2017-06-09 13:52:26.096+0000 INFO  [o.n.k.i.DiagnosticsManager]     lucene.log.v17: 2017-06-09T10:52:04-0300 - 16,00 B
2017-06-09 13:52:26.096+0000 INFO  [o.n.k.i.DiagnosticsManager]     lucene.log.v18: 2017-06-09T10:52:04-0300 - 16,00 B
2017-06-09 13:52:26.096+0000 INFO  [o.n.k.i.DiagnosticsManager]     lucene.log.v19: 2017-06-09T10:52:04-0300 - 16,00 B
2017-06-09 13:52:26.096+0000 INFO  [o.n.k.i.DiagnosticsManager]     lucene.log.v20: 2017-06-09T10:52:04-0300 - 16,00 B
2017-06-09 13:52:26.096+0000 INFO  [o.n.k.i.DiagnosticsManager]     lucene.log.v21: 2017-06-09T10:52:04-0300 - 16,00 B
2017-06-09 13:52:26.096+0000 INFO  [o.n.k.i.DiagnosticsManager]     lucene.log.v22: 2017-06-09T10:52:04-0300 - 16,00 B
2017-06-09 13:52:26.096+0000 INFO  [o.n.k.i.DiagnosticsManager]     lucene.log.v23: 2017-06-09T10:52:04-0300 - 16,00 B
2017-06-09 13:52:26.096+0000 INFO  [o.n.k.i.DiagnosticsManager]   - Total: 2017-06-09T10:52:04-0300 - 9,43 MB
2017-06-09 13:52:26.096+0000 INFO  [o.n.k.i.DiagnosticsManager]   index.db: 2017-06-09T10:49:39-0300 - 569,00 B
2017-06-09 13:52:26.096+0000 INFO  [o.n.k.i.DiagnosticsManager]   logs:
2017-06-09 13:52:26.096+0000 INFO  [o.n.k.i.DiagnosticsManager]     debug.log: 2017-06-09T10:52:03-0300 - 52,67 kB
2017-06-09 13:52:26.096+0000 INFO  [o.n.k.i.DiagnosticsManager]   - Total: 2017-06-09T10:52:03-0300 - 52,67 kB
2017-06-09 13:52:26.096+0000 INFO  [o.n.k.i.DiagnosticsManager]   messages.log: 2017-06-09T10:49:40-0300 - 413,38 kB
2017-06-09 13:52:26.096+0000 INFO  [o.n.k.i.DiagnosticsManager]   neostore: 2017-06-09T10:52:18-0300 - 8,00 kB
2017-06-09 13:52:26.096+0000 INFO  [o.n.k.i.DiagnosticsManager]   neostore.counts.db.a: 2017-06-09T10:52:20-0300 - 1,13 kB
2017-06-09 13:52:26.096+0000 INFO  [o.n.k.i.DiagnosticsManager]   neostore.id: 2017-06-09T10:52:22-0300 - 9,00 B
2017-06-09 13:52:26.096+0000 INFO  [o.n.k.i.DiagnosticsManager]   neostore.labeltokenstore.db: 2017-06-09T10:52:18-0300 - 25,00 B
2017-06-09 13:52:26.096+0000 INFO  [o.n.k.i.DiagnosticsManager]   neostore.labeltokenstore.db.id: 2017-06-09T10:52:22-0300 - 9,00 B
2017-06-09 13:52:26.096+0000 INFO  [o.n.k.i.DiagnosticsManager]   neostore.labeltokenstore.db.names: 2017-06-09T10:52:18-0300 - 228,00 B
2017-06-09 13:52:26.096+0000 INFO  [o.n.k.i.DiagnosticsManager]   neostore.labeltokenstore.db.names.id: 2017-06-09T10:52:22-0300 - 9,00 B
2017-06-09 13:52:26.096+0000 INFO  [o.n.k.i.DiagnosticsManager]   neostore.nodestore.db: 2017-06-09T10:52:15-0300 - 1,02 MB
2017-06-09 13:52:26.096+0000 INFO  [o.n.k.i.DiagnosticsManager]   neostore.nodestore.db.id: 2017-06-09T10:52:21-0300 - 9,00 B
2017-06-09 13:52:26.096+0000 INFO  [o.n.k.i.DiagnosticsManager]   neostore.nodestore.db.labels: 2017-06-09T10:52:15-0300 - 68,00 B
2017-06-09 13:52:26.096+0000 INFO  [o.n.k.i.DiagnosticsManager]   neostore.nodestore.db.labels.id: 2017-06-09T10:52:22-0300 - 9,00 B
2017-06-09 13:52:26.096+0000 INFO  [o.n.k.i.DiagnosticsManager]   neostore.propertystore.db: 2017-06-09T10:52:15-0300 - 16,69 MB
2017-06-09 13:52:26.096+0000 INFO  [o.n.k.i.DiagnosticsManager]   neostore.propertystore.db.arrays: 2017-06-09T10:52:15-0300 - 128,00 B
2017-06-09 13:52:26.096+0000 INFO  [o.n.k.i.DiagnosticsManager]   neostore.propertystore.db.arrays.id: 2017-06-09T10:52:22-0300 - 9,00 B
2017-06-09 13:52:26.096+0000 INFO  [o.n.k.i.DiagnosticsManager]   neostore.propertystore.db.id: 2017-06-09T10:52:21-0300 - 739,93 kB
2017-06-09 13:52:26.096+0000 INFO  [o.n.k.i.DiagnosticsManager]   neostore.propertystore.db.index: 2017-06-09T10:52:15-0300 - 243,00 B
2017-06-09 13:52:26.096+0000 INFO  [o.n.k.i.DiagnosticsManager]   neostore.propertystore.db.index.id: 2017-06-09T10:52:21-0300 - 9,00 B
2017-06-09 13:52:26.096+0000 INFO  [o.n.k.i.DiagnosticsManager]   neostore.propertystore.db.index.keys: 2017-06-09T10:52:15-0300 - 1,04 kB
2017-06-09 13:52:26.096+0000 INFO  [o.n.k.i.DiagnosticsManager]   neostore.propertystore.db.index.keys.id: 2017-06-09T10:52:21-0300 - 9,00 B
2017-06-09 13:52:26.096+0000 INFO  [o.n.k.i.DiagnosticsManager]   neostore.propertystore.db.strings: 2017-06-09T10:52:15-0300 - 17,97 MB
2017-06-09 13:52:26.096+0000 INFO  [o.n.k.i.DiagnosticsManager]   neostore.propertystore.db.strings.id: 2017-06-09T10:52:22-0300 - 9,00 B
2017-06-09 13:52:26.096+0000 INFO  [o.n.k.i.DiagnosticsManager]   neostore.relationshipgroupstore.db: 2017-06-09T10:52:18-0300 - 1,54 kB
2017-06-09 13:52:26.096+0000 INFO  [o.n.k.i.DiagnosticsManager]   neostore.relationshipgroupstore.db.id: 2017-06-09T10:52:22-0300 - 9,00 B
2017-06-09 13:52:26.096+0000 INFO  [o.n.k.i.DiagnosticsManager]   neostore.relationshipstore.db: 2017-06-09T10:52:18-0300 - 3,95 MB
2017-06-09 13:52:26.112+0000 INFO  [o.n.k.i.DiagnosticsManager]   neostore.relationshipstore.db.id: 2017-06-09T10:52:21-0300 - 9,00 B
2017-06-09 13:52:26.112+0000 INFO  [o.n.k.i.DiagnosticsManager]   neostore.relationshiptypestore.db: 2017-06-09T10:52:18-0300 - 25,00 B
2017-06-09 13:52:26.112+0000 INFO  [o.n.k.i.DiagnosticsManager]   neostore.relationshiptypestore.db.id: 2017-06-09T10:52:21-0300 - 9,00 B
2017-06-09 13:52:26.112+0000 INFO  [o.n.k.i.DiagnosticsManager]   neostore.relationshiptypestore.db.names: 2017-06-09T10:52:18-0300 - 228,00 B
2017-06-09 13:52:26.112+0000 INFO  [o.n.k.i.DiagnosticsManager]   neostore.relationshiptypestore.db.names.id: 2017-06-09T10:52:21-0300 - 9,00 B
2017-06-09 13:52:26.112+0000 INFO  [o.n.k.i.DiagnosticsManager]   neostore.schemastore.db: 2017-06-09T10:52:15-0300 - 640,00 B
2017-06-09 13:52:26.112+0000 INFO  [o.n.k.i.DiagnosticsManager]   neostore.schemastore.db.id: 2017-06-09T10:52:22-0300 - 9,00 B
2017-06-09 13:52:26.112+0000 INFO  [o.n.k.i.DiagnosticsManager]   neostore.transaction.db.29: 2017-06-09T10:52:19-0300 - 34,00 B
2017-06-09 13:52:26.112+0000 INFO  [o.n.k.i.DiagnosticsManager]   schema:
2017-06-09 13:52:26.112+0000 INFO  [o.n.k.i.DiagnosticsManager]     index:
2017-06-09 13:52:26.112+0000 INFO  [o.n.k.i.DiagnosticsManager]       lucene:
2017-06-09 13:52:26.112+0000 INFO  [o.n.k.i.DiagnosticsManager]         1:
2017-06-09 13:52:26.112+0000 INFO  [o.n.k.i.DiagnosticsManager]           1:
2017-06-09 13:52:26.112+0000 INFO  [o.n.k.i.DiagnosticsManager]             _4.cfe: 2017-06-09T10:52:24-0300 - 305,00 B
2017-06-09 13:52:26.112+0000 INFO  [o.n.k.i.DiagnosticsManager]             _4.cfs: 2017-06-09T10:52:24-0300 - 1,44 MB
2017-06-09 13:52:26.112+0000 INFO  [o.n.k.i.DiagnosticsManager]             _4.si: 2017-06-09T10:52:24-0300 - 399,00 B
2017-06-09 13:52:26.112+0000 INFO  [o.n.k.i.DiagnosticsManager]             segments_2: 2017-06-09T10:52:24-0300 - 150,00 B
2017-06-09 13:52:26.112+0000 INFO  [o.n.k.i.DiagnosticsManager]             write.lock: 2017-06-09T10:52:22-0300 - 0,00 B
2017-06-09 13:52:26.112+0000 INFO  [o.n.k.i.DiagnosticsManager]           - Total: 2017-06-09T10:52:24-0300 - 1,44 MB
2017-06-09 13:52:26.112+0000 INFO  [o.n.k.i.DiagnosticsManager]           failure-message: 2017-06-09T10:52:22-0300 - 16,00 kB
2017-06-09 13:52:26.112+0000 INFO  [o.n.k.i.DiagnosticsManager]         - Total: 2017-06-09T10:52:22-0300 - 1,45 MB
2017-06-09 13:52:26.112+0000 INFO  [o.n.k.i.DiagnosticsManager]         2:
2017-06-09 13:52:26.112+0000 INFO  [o.n.k.i.DiagnosticsManager]           1:
2017-06-09 13:52:26.112+0000 INFO  [o.n.k.i.DiagnosticsManager]             _0.cfe: 2017-06-09T10:52:24-0300 - 305,00 B
2017-06-09 13:52:26.112+0000 INFO  [o.n.k.i.DiagnosticsManager]             _0.cfs: 2017-06-09T10:52:24-0300 - 436,48 kB
2017-06-09 13:52:26.112+0000 INFO  [o.n.k.i.DiagnosticsManager]             _0.si: 2017-06-09T10:52:24-0300 - 362,00 B
2017-06-09 13:52:26.112+0000 INFO  [o.n.k.i.DiagnosticsManager]             segments_1: 2017-06-09T10:52:24-0300 - 150,00 B
2017-06-09 13:52:26.112+0000 INFO  [o.n.k.i.DiagnosticsManager]             write.lock: 2017-06-09T10:52:22-0300 - 0,00 B
2017-06-09 13:52:26.112+0000 INFO  [o.n.k.i.DiagnosticsManager]           - Total: 2017-06-09T10:52:24-0300 - 437,28 kB
2017-06-09 13:52:26.112+0000 INFO  [o.n.k.i.DiagnosticsManager]           failure-message: 2017-06-09T10:52:22-0300 - 16,00 kB
2017-06-09 13:52:26.112+0000 INFO  [o.n.k.i.DiagnosticsManager]         - Total: 2017-06-09T10:52:22-0300 - 453,28 kB
2017-06-09 13:52:26.112+0000 INFO  [o.n.k.i.DiagnosticsManager]         3:
2017-06-09 13:52:26.112+0000 INFO  [o.n.k.i.DiagnosticsManager]           1:
2017-06-09 13:52:26.112+0000 INFO  [o.n.k.i.DiagnosticsManager]             _4.cfe: 2017-06-09T10:52:25-0300 - 305,00 B
2017-06-09 13:52:26.112+0000 INFO  [o.n.k.i.DiagnosticsManager]             _4.cfs: 2017-06-09T10:52:25-0300 - 1,29 MB
2017-06-09 13:52:26.112+0000 INFO  [o.n.k.i.DiagnosticsManager]             _4.si: 2017-06-09T10:52:25-0300 - 399,00 B
2017-06-09 13:52:26.112+0000 INFO  [o.n.k.i.DiagnosticsManager]             segments_2: 2017-06-09T10:52:25-0300 - 150,00 B
2017-06-09 13:52:26.112+0000 INFO  [o.n.k.i.DiagnosticsManager]             write.lock: 2017-06-09T10:52:22-0300 - 0,00 B
2017-06-09 13:52:26.112+0000 INFO  [o.n.k.i.DiagnosticsManager]           - Total: 2017-06-09T10:52:25-0300 - 1,29 MB
2017-06-09 13:52:26.112+0000 INFO  [o.n.k.i.DiagnosticsManager]           failure-message: 2017-06-09T10:52:22-0300 - 16,00 kB
2017-06-09 13:52:26.112+0000 INFO  [o.n.k.i.DiagnosticsManager]         - Total: 2017-06-09T10:52:22-0300 - 1,31 MB
2017-06-09 13:52:26.112+0000 INFO  [o.n.k.i.DiagnosticsManager]         4:
2017-06-09 13:52:26.112+0000 INFO  [o.n.k.i.DiagnosticsManager]           1:
2017-06-09 13:52:26.112+0000 INFO  [o.n.k.i.DiagnosticsManager]             _0.cfe: 2017-06-09T10:52:25-0300 - 305,00 B
2017-06-09 13:52:26.112+0000 INFO  [o.n.k.i.DiagnosticsManager]             _0.cfs: 2017-06-09T10:52:25-0300 - 189,03 kB
2017-06-09 13:52:26.112+0000 INFO  [o.n.k.i.DiagnosticsManager]             _0.si: 2017-06-09T10:52:25-0300 - 362,00 B
2017-06-09 13:52:26.112+0000 INFO  [o.n.k.i.DiagnosticsManager]             segments_1: 2017-06-09T10:52:25-0300 - 150,00 B
2017-06-09 13:52:26.112+0000 INFO  [o.n.k.i.DiagnosticsManager]             write.lock: 2017-06-09T10:52:22-0300 - 0,00 B
2017-06-09 13:52:26.112+0000 INFO  [o.n.k.i.DiagnosticsManager]           - Total: 2017-06-09T10:52:25-0300 - 189,83 kB
2017-06-09 13:52:26.112+0000 INFO  [o.n.k.i.DiagnosticsManager]           failure-message: 2017-06-09T10:52:22-0300 - 16,00 kB
2017-06-09 13:52:26.112+0000 INFO  [o.n.k.i.DiagnosticsManager]         - Total: 2017-06-09T10:52:22-0300 - 205,83 kB
2017-06-09 13:52:26.112+0000 INFO  [o.n.k.i.DiagnosticsManager]         8:
2017-06-09 13:52:26.112+0000 INFO  [o.n.k.i.DiagnosticsManager]           1:
2017-06-09 13:52:26.112+0000 INFO  [o.n.k.i.DiagnosticsManager]             _0.cfe: 2017-06-09T10:52:25-0300 - 305,00 B
2017-06-09 13:52:26.112+0000 INFO  [o.n.k.i.DiagnosticsManager]             _0.cfs: 2017-06-09T10:52:25-0300 - 2,73 kB
2017-06-09 13:52:26.112+0000 INFO  [o.n.k.i.DiagnosticsManager]             _0.si: 2017-06-09T10:52:25-0300 - 362,00 B
2017-06-09 13:52:26.112+0000 INFO  [o.n.k.i.DiagnosticsManager]             segments_1: 2017-06-09T10:52:25-0300 - 150,00 B
2017-06-09 13:52:26.112+0000 INFO  [o.n.k.i.DiagnosticsManager]             write.lock: 2017-06-09T10:52:22-0300 - 0,00 B
2017-06-09 13:52:26.112+0000 INFO  [o.n.k.i.DiagnosticsManager]           - Total: 2017-06-09T10:52:25-0300 - 3,52 kB
2017-06-09 13:52:26.112+0000 INFO  [o.n.k.i.DiagnosticsManager]           failure-message: 2017-06-09T10:52:22-0300 - 16,00 kB
2017-06-09 13:52:26.112+0000 INFO  [o.n.k.i.DiagnosticsManager]         - Total: 2017-06-09T10:52:22-0300 - 19,52 kB
2017-06-09 13:52:26.112+0000 INFO  [o.n.k.i.DiagnosticsManager]       - Total: 2017-06-09T10:52:22-0300 - 3,42 MB
2017-06-09 13:52:26.127+0000 INFO  [o.n.k.i.DiagnosticsManager]     - Total: 2017-06-09T10:52:22-0300 - 3,42 MB
2017-06-09 13:52:26.127+0000 INFO  [o.n.k.i.DiagnosticsManager]     label:
2017-06-09 13:52:26.127+0000 INFO  [o.n.k.i.DiagnosticsManager]       lucene:
2017-06-09 13:52:26.127+0000 INFO  [o.n.k.i.DiagnosticsManager]         labelStore:
2017-06-09 13:52:26.127+0000 INFO  [o.n.k.i.DiagnosticsManager]           1:
2017-06-09 13:52:26.127+0000 INFO  [o.n.k.i.DiagnosticsManager]             write.lock: 2017-06-09T10:52:22-0300 - 0,00 B
2017-06-09 13:52:26.127+0000 INFO  [o.n.k.i.DiagnosticsManager]           - Total: 2017-06-09T10:52:22-0300 - 0,00 B
2017-06-09 13:52:26.127+0000 INFO  [o.n.k.i.DiagnosticsManager]           failure-message: 2017-06-09T10:52:22-0300 - 16,00 kB
2017-06-09 13:52:26.127+0000 INFO  [o.n.k.i.DiagnosticsManager]         - Total: 2017-06-09T10:52:22-0300 - 16,00 kB
2017-06-09 13:52:26.127+0000 INFO  [o.n.k.i.DiagnosticsManager]       - Total: 2017-06-09T10:52:22-0300 - 16,00 kB
2017-06-09 13:52:26.127+0000 INFO  [o.n.k.i.DiagnosticsManager]     - Total: 2017-06-09T10:52:22-0300 - 16,00 kB
2017-06-09 13:52:26.127+0000 INFO  [o.n.k.i.DiagnosticsManager]   - Total: 2017-06-09T10:49:41-0300 - 3,44 MB
2017-06-09 13:52:26.127+0000 INFO  [o.n.k.i.DiagnosticsManager]   store_lock: 2017-06-09T10:49:41-0300 - 0,00 B
2017-06-09 13:52:26.127+0000 INFO  [o.n.k.i.DiagnosticsManager] --- STARTED diagnostics for KernelDiagnostics:StoreFiles END ---
2017-06-09 13:52:26.159+0000 INFO  [o.n.k.i.DiagnosticsManager] --- SERVER STARTED START ---
2017-06-09 13:52:26.518+0000 INFO  [o.n.k.i.DiagnosticsManager] --- SERVER STARTED END ---
2017-06-09 17:14:18.837+0000 INFO  [o.n.k.i.f.GraphDatabaseFacadeFactory] Shutdown started
2017-06-09 17:14:18.837+0000 INFO  [o.n.k.i.f.GraphDatabaseFacadeFactory] Database is now unavailable
2017-06-09 17:14:18.869+0000 INFO  [o.n.k.i.t.l.c.CheckPointerImpl] Check Pointing triggered by database shutdown [199]:  Starting check pointing...
2017-06-09 17:14:18.869+0000 INFO  [o.n.k.i.t.l.c.CheckPointerImpl] Check Pointing triggered by database shutdown [199]:  Starting store flush...
2017-06-09 17:14:19.134+0000 INFO  [o.n.k.i.s.c.CountsTracker] About to rotate counts store at transaction 199 to [C:\Users\avaisman\Google Drive\Alejandro\ITBA\Curso Graph Databases\cineasts_12k_movies_50k_actors_2.1.6\cineasts_12k_movies_50k_actors.db\neostore.counts.db.b], from [C:\Users\avaisman\Google Drive\Alejandro\ITBA\Curso Graph Databases\cineasts_12k_movies_50k_actors_2.1.6\cineasts_12k_movies_50k_actors.db\neostore.counts.db.a].
2017-06-09 17:14:19.150+0000 INFO  [o.n.k.i.s.c.CountsTracker] Successfully rotated counts store at transaction 199 to [C:\Users\avaisman\Google Drive\Alejandro\ITBA\Curso Graph Databases\cineasts_12k_movies_50k_actors_2.1.6\cineasts_12k_movies_50k_actors.db\neostore.counts.db.b], from [C:\Users\avaisman\Google Drive\Alejandro\ITBA\Curso Graph Databases\cineasts_12k_movies_50k_actors_2.1.6\cineasts_12k_movies_50k_actors.db\neostore.counts.db.a].
2017-06-09 17:14:19.197+0000 INFO  [o.n.k.i.t.l.c.CheckPointerImpl] Check Pointing triggered by database shutdown [199]:  Store flush completed
2017-06-09 17:14:19.197+0000 INFO  [o.n.k.i.t.l.c.CheckPointerImpl] Check Pointing triggered by database shutdown [199]:  Starting appending check point entry into the tx log...
2017-06-09 17:14:19.259+0000 INFO  [o.n.k.i.t.l.c.CheckPointerImpl] Check Pointing triggered by database shutdown [199]:  Appending check point entry into the tx log completed
2017-06-09 17:14:19.259+0000 INFO  [o.n.k.i.t.l.c.CheckPointerImpl] Check Pointing triggered by database shutdown [199]:  Check pointing completed
2017-06-09 17:14:19.259+0000 INFO  [o.n.k.i.t.l.p.LogPruningImpl] Log Rotation [0]:  Starting log pruning.
2017-06-09 17:14:19.259+0000 INFO  [o.n.k.i.t.l.p.LogPruningImpl] Log Rotation [0]:  Log pruning complete.
2017-06-09 17:14:21.103+0000 INFO  [o.n.k.i.DiagnosticsManager] --- STOPPING diagnostics START ---
2017-06-09 17:14:21.103+0000 INFO  [o.n.k.i.DiagnosticsManager] --- STOPPING diagnostics END ---
